# Logfile created on 2014-05-09 10:27:38 -0500 by logger.rb/41954
I, [2014-05-09T10:27:38.223210 #13132]  INFO -- : Executing: CREATE TABLE gifs (id INTEGER PRIMARY KEY AUTOINCREMENT, url varchar(100), category varchar(50), emotion varchar(50), reference(50)) with: []
I, [2014-05-09T10:29:06.486479 #13133]  INFO -- : Executing: CREATE TABLE gifs (id INTEGER PRIMARY KEY AUTOINCREMENT, url varchar(100), category varchar(50), emotion varchar(50), reference varchar(50)) with: []
I, [2014-05-09T10:29:06.493179 #13133]  INFO -- : Executing: CREATE TABLE gifs (id INTEGER PRIMARY KEY AUTOINCREMENT, url varchar(100), category varchar(50), emotion varchar(50), reference varchar(50)) with: []
I, [2014-05-09T14:22:26.976230 #14250]  INFO -- : Executing: Select category from gifs; with: []
I, [2014-05-09T14:30:48.517185 #14267]  INFO -- : Executing: Select category from gifs; with: []
I, [2014-05-09T14:49:19.059094 #14312]  INFO -- : Executing: Select category from gifs; with: []
I, [2014-05-09T14:49:23.798766 #14312]  INFO -- : Executing: Select emotion from gifs; with: []
I, [2014-05-09T14:49:24.343557 #14312]  INFO -- : Executing: Select reference from gifs; with: []
I, [2014-05-09T14:49:40.731406 #14313]  INFO -- : Executing: Select category from gifs; with: []
I, [2014-05-09T14:49:42.504891 #14313]  INFO -- : Executing: Select emotion from gifs; with: []
I, [2014-05-09T14:49:44.889573 #14313]  INFO -- : Executing: Select reference from gifs; with: []
I, [2014-05-09T15:05:05.410433 #14344]  INFO -- : Executing: Select count(*) from gifs; with: []
I, [2014-05-09T15:05:15.754332 #14349]  INFO -- : Executing: Select category from gifs; with: []
I, [2014-05-09T15:05:16.472426 #14349]  INFO -- : Executing: Select emotion from gifs; with: []
I, [2014-05-09T15:05:17.144540 #14349]  INFO -- : Executing: Select reference from gifs; with: []
I, [2014-05-09T15:23:20.352663 #14485]  INFO -- : Executing: Select count(*) from gifs; with: []
I, [2014-05-09T15:23:28.691902 #14486]  INFO -- : Executing: Select category from gifs; with: []
I, [2014-05-09T15:23:43.823240 #14486]  INFO -- : Executing: Select emotion from gifs; with: []
I, [2014-05-09T15:23:46.559190 #14486]  INFO -- : Executing: Select reference from gifs; with: []
I, [2014-05-09T15:23:48.399293 #14486]  INFO -- : Executing: Select reference from gifs; with: []
I, [2014-05-09T15:48:44.020039 #14586]  INFO -- : Executing: Select count(*) from gifs; with: []
I, [2014-05-12T07:45:52.371550 #15509]  INFO -- : Executing: Select category from gifs; with: []
I, [2014-05-12T07:45:55.601315 #15509]  INFO -- : Executing: Select emotion from gifs; with: []
I, [2014-05-12T07:46:01.049217 #15509]  INFO -- : Executing: Select reference from gifs; with: []
I, [2014-05-12T07:47:43.095352 #15516]  INFO -- : Executing: Select category from gifs; with: []
I, [2014-05-12T07:47:44.406560 #15516]  INFO -- : Executing: Select emotion from gifs; with: []
I, [2014-05-12T07:47:48.590133 #15516]  INFO -- : Executing: Select reference from gifs; with: []
I, [2014-05-12T08:06:52.985788 #15604]  INFO -- : Executing: Select category from gifs; with: []
I, [2014-05-12T08:06:54.832075 #15604]  INFO -- : Executing: Select emotion from gifs; with: []
I, [2014-05-12T08:06:57.015959 #15604]  INFO -- : Executing: Select reference from gifs; with: []
I, [2014-05-12T08:20:00.378193 #15622]  INFO -- : Executing: Select count(*) from gifs; with: []
I, [2014-05-12T08:20:38.553473 #15624]  INFO -- : Executing: Select category from gifs; with: []
I, [2014-05-12T08:20:39.855220 #15624]  INFO -- : Executing: Select emotion from gifs; with: []
I, [2014-05-12T08:20:41.415430 #15624]  INFO -- : Executing: Select reference from gifs; with: []
I, [2014-05-12T08:20:44.103527 #15624]  INFO -- : Executing: Insert into gifs (url, category, emotion, reference) values ('["https://i.imgur.com/Afdfrkg.gif", "Abstract", "Sarcasm", nil]', 'Abstract', 'Sarcasm', ''); with: []
I, [2014-05-12T08:20:44.110241 #15624]  INFO -- : Executing: SELECT last_insert_rowid(); with: []
I, [2014-05-12T08:20:48.504452 #15625]  INFO -- : Executing: Select count(*) from gifs; with: []
I, [2014-05-12T08:20:56.704655 #15627]  INFO -- : Executing: Select count(*) from gifs; with: []
I, [2014-05-12T08:20:57.838763 #15627]  INFO -- : Executing: Select category from gifs; with: []
I, [2014-05-12T08:22:01.757094 #15627]  INFO -- : Executing: Select emotion from gifs; with: []
I, [2014-05-12T08:22:02.661715 #15627]  INFO -- : Executing: Select reference from gifs; with: []
I, [2014-05-12T08:23:39.708464 #15632]  INFO -- : Executing: Select count(*) from gifs; with: []
I, [2014-05-12T08:23:41.635361 #15632]  INFO -- : Executing: Select category from gifs; with: []
I, [2014-05-12T08:23:42.290801 #15632]  INFO -- : Executing: Select emotion from gifs; with: []
I, [2014-05-12T08:23:42.843341 #15632]  INFO -- : Executing: Select reference from gifs; with: []
I, [2014-05-12T08:23:43.323399 #15632]  INFO -- : Executing: Select url from gifs where category = [nil, nil, nil] AND emotion =  AND reference =  with: []
I, [2014-05-12T08:28:54.020095 #15695]  INFO -- : Executing: Select category from gifs; with: []
I, [2014-05-12T08:28:59.451925 #15695]  INFO -- : Executing: Select emotion from gifs; with: []
I, [2014-05-12T08:29:07.972250 #15695]  INFO -- : Executing: Select reference from gifs; with: []
I, [2014-05-12T08:29:13.292053 #15695]  INFO -- : Executing: Select url from gifs where category = ["Abstract", "Sad", ""] AND emotion = Sad AND reference =  with: []
I, [2014-05-12T08:51:35.461009 #15729]  INFO -- : Executing: Select count(*) from gifs; with: []
I, [2014-05-12T08:51:41.387410 #15729]  INFO -- : Executing: Select category from gifs; with: []
I, [2014-05-12T08:53:00.633587 #15729]  INFO -- : Executing: Select emotion from gifs; with: []
I, [2014-05-12T08:53:01.017598 #15729]  INFO -- : Executing: Select reference from gifs; with: []
I, [2014-05-12T08:53:02.697592 #15729]  INFO -- : Executing: Select url from gifs where category = [nil, nil, nil] AND emotion =  AND reference =  with: []
I, [2014-05-12T08:53:40.554504 #15737]  INFO -- : Executing: Select count(*) from gifs; with: []
I, [2014-05-12T08:53:41.432631 #15737]  INFO -- : Executing: Select category from gifs; with: []
I, [2014-05-12T08:53:48.866407 #15739]  INFO -- : Executing: Select count(*) from gifs; with: []
I, [2014-05-12T08:53:49.808372 #15739]  INFO -- : Executing: Select category from gifs; with: []
I, [2014-05-12T08:54:32.425466 #15743]  INFO -- : Executing: Select count(*) from gifs; with: []
I, [2014-05-12T08:54:33.055462 #15743]  INFO -- : Executing: Select category from gifs; with: []
I, [2014-05-12T08:54:37.415400 #15743]  INFO -- : Executing: Select emotion from gifs; with: []
I, [2014-05-12T08:57:31.021615 #15751]  INFO -- : Executing: Select count(*) from gifs; with: []
I, [2014-05-12T08:57:31.747511 #15751]  INFO -- : Executing: Select category from gifs; with: []
I, [2014-05-12T08:57:32.819395 #15751]  INFO -- : Executing: Select emotion from gifs; with: []
I, [2014-05-12T08:57:49.244306 #15752]  INFO -- : Executing: Select count(*) from gifs; with: []
I, [2014-05-12T08:57:49.947059 #15752]  INFO -- : Executing: Select category from gifs; with: []
I, [2014-05-12T08:57:50.858964 #15752]  INFO -- : Executing: Select emotion from gifs; with: []
I, [2014-05-12T08:57:51.530940 #15752]  INFO -- : Executing: Select reference from gifs; with: []
I, [2014-05-12T08:58:20.164261 #15755]  INFO -- : Executing: Select count(*) from gifs; with: []
I, [2014-05-12T08:58:22.866394 #15755]  INFO -- : Executing: Select emotion from gifs; with: []
I, [2014-05-12T08:58:23.946370 #15755]  INFO -- : Executing: Select reference from gifs; with: []
I, [2014-05-12T08:58:24.866318 #15755]  INFO -- : Executing: Select category from gifs; with: []
I, [2014-05-12T08:58:25.370317 #15755]  INFO -- : Executing: Select url from gifs where emotion =  with: []
I, [2014-05-12T09:00:02.282352 #15756]  INFO -- : Executing: Select count(*) from gifs; with: []
I, [2014-05-12T09:00:21.074426 #15760]  INFO -- : Executing: Select count(*) from gifs; with: []
I, [2014-05-12T09:00:21.075277 #15760]  INFO -- : Executing: Select category from gifs; with: []
I, [2014-05-12T09:00:24.032343 #15760]  INFO -- : Executing: Select emotion from gifs; with: []
I, [2014-05-12T09:00:24.496371 #15760]  INFO -- : Executing: Select reference from gifs; with: []
I, [2014-05-12T09:00:24.888347 #15760]  INFO -- : Executing: Select url from gifs where emotion =  with: []
I, [2014-05-12T09:09:20.782016 #15797]  INFO -- : Executing: Select count(*) from gifs; with: []
I, [2014-05-12T09:09:20.782740 #15797]  INFO -- : Executing: Select category from gifs; with: []
I, [2014-05-12T09:09:21.652409 #15797]  INFO -- : Executing: Select emotion from gifs; with: []
I, [2014-05-12T09:09:22.044343 #15797]  INFO -- : Executing: Select reference from gifs; with: []
I, [2014-05-12T09:09:22.508495 #15797]  INFO -- : Executing: Select url from gifs where emotion = '' with: []
I, [2014-05-12T09:10:08.637132 #15799]  INFO -- : Executing: Select count(*) from gifs; with: []
I, [2014-05-12T09:10:08.637857 #15799]  INFO -- : Executing: Select category from gifs; with: []
I, [2014-05-12T09:10:09.139474 #15799]  INFO -- : Executing: Select emotion from gifs; with: []
I, [2014-05-12T09:10:09.474923 #15799]  INFO -- : Executing: Select reference from gifs; with: []
I, [2014-05-12T09:10:10.579294 #15799]  INFO -- : Executing: Select url from gifs where emotion = '' with: []
